# JRE version: Java(TM) SE Runtime Environment (8.0_181-b13) (build 1.8.0_181-b13)
# Java VM: Java HotSpot(TM) 64-Bit Server VM (25.181-b13 mixed mode bsd-amd64 compressed oops)
Heap:
 PSYoungGen      total 128000K, used 96368K [0x0000000795580000, 0x000000079e700000, 0x00000007c0000000)
  eden space 111616K, 85% used [0x0000000795580000,0x000000079b303108,0x000000079c280000)
  from space 16384K, 3% used [0x000000079d300000,0x000000079d3990e0,0x000000079e300000)
  to   space 16896K, 0% used [0x000000079c280000,0x000000079c280000,0x000000079d300000)
 ParOldGen       total 62976K, used 31787K [0x0000000740000000, 0x0000000743d80000, 0x0000000795580000)
  object space 62976K, 50% used [0x0000000740000000,0x0000000741f0af58,0x0000000743d80000)
 Metaspace       used 22938K, capacity 23988K, committed 24320K, reserved 1071104K
  class space    used 2981K, capacity 3227K, committed 3328K, reserved 1048576K
GC Heap History (10 events):
Event: 36.361 GC heap before
{Heap before GC invocations=7 (full 1):
 PSYoungGen      total 38400K, used 38386K [0x0000000795580000, 0x000000079a100000, 0x00000007c0000000)
  eden space 33280K, 100% used [0x0000000795580000,0x0000000797600000,0x0000000797600000)
  from space 5120K, 99% used [0x0000000797600000,0x0000000797afca68,0x0000000797b00000)
  to   space 14848K, 0% used [0x0000000799280000,0x0000000799280000,0x000000079a100000)
 ParOldGen       total 62976K, used 20528K [0x0000000740000000, 0x0000000743d80000, 0x0000000795580000)
  object space 62976K, 32% used [0x0000000740000000,0x000000074140c3c8,0x0000000743d80000)
 Metaspace       used 22565K, capacity 23636K, committed 23680K, reserved 1069056K
  class space    used 2950K, capacity 3195K, committed 3200K, reserved 1048576K
Event: 36.370 GC heap after
Heap after GC invocations=7 (full 1):
 PSYoungGen      total 58368K, used 9899K [0x0000000795580000, 0x0000000799f00000, 0x00000007c0000000)
  eden space 45568K, 0% used [0x0000000795580000,0x0000000795580000,0x0000000798200000)
  from space 12800K, 77% used [0x0000000799280000,0x0000000799c2ade8,0x0000000799f00000)
  to   space 14848K, 0% used [0x0000000798200000,0x0000000798200000,0x0000000799080000)
 ParOldGen       total 62976K, used 20536K [0x0000000740000000, 0x0000000743d80000, 0x0000000795580000)
  object space 62976K, 32% used [0x0000000740000000,0x000000074140e3c8,0x0000000743d80000)
 Metaspace       used 22565K, capacity 23636K, committed 23680K, reserved 1069056K
  class space    used 2950K, capacity 3195K, committed 3200K, reserved 1048576K
}
Event: 36.488 GC heap before
{Heap before GC invocations=8 (full 1):
 PSYoungGen      total 58368K, used 55257K [0x0000000795580000, 0x0000000799f00000, 0x00000007c0000000)
  eden space 45568K, 99% used [0x0000000795580000,0x00000007981cb798,0x0000000798200000)
  from space 12800K, 77% used [0x0000000799280000,0x0000000799c2ade8,0x0000000799f00000)
  to   space 14848K, 0% used [0x0000000798200000,0x0000000798200000,0x0000000799080000)
 ParOldGen       total 62976K, used 20536K [0x0000000740000000, 0x0000000743d80000, 0x0000000795580000)
  object space 62976K, 32% used [0x0000000740000000,0x000000074140e3c8,0x0000000743d80000)
 Metaspace       used 22596K, capacity 23700K, committed 23936K, reserved 1071104K
  class space    used 2950K, capacity 3195K, committed 3200K, reserved 1048576K
Event: 36.496 GC heap after
Heap after GC invocations=8 (full 1):
 PSYoungGen      total 60416K, used 11825K [0x0000000795580000, 0x000000079bf00000, 0x00000007c0000000)
  eden space 45568K, 0% used [0x0000000795580000,0x0000000795580000,0x0000000798200000)
  from space 14848K, 79% used [0x0000000798200000,0x0000000798d8c768,0x0000000799080000)
  to   space 15872K, 0% used [0x000000079af80000,0x000000079af80000,0x000000079bf00000)
 ParOldGen       total 62976K, used 20544K [0x0000000740000000, 0x0000000743d80000, 0x0000000795580000)
  object space 62976K, 32% used [0x0000000740000000,0x00000007414103c8,0x0000000743d80000)
 Metaspace       used 22596K, capacity 23700K, committed 23936K, reserved 1071104K
  class space    used 2950K, capacity 3195K, committed 3200K, reserved 1048576K
}
Event: 38.072 GC heap before
{Heap before GC invocations=9 (full 1):
 PSYoungGen      total 60416K, used 57373K [0x0000000795580000, 0x000000079bf00000, 0x00000007c0000000)
  eden space 45568K, 99% used [0x0000000795580000,0x00000007981fafd0,0x0000000798200000)
  from space 14848K, 79% used [0x0000000798200000,0x0000000798d8c768,0x0000000799080000)
  to   space 15872K, 0% used [0x000000079af80000,0x000000079af80000,0x000000079bf00000)
 ParOldGen       total 62976K, used 20544K [0x0000000740000000, 0x0000000743d80000, 0x0000000795580000)
  object space 62976K, 32% used [0x0000000740000000,0x00000007414103c8,0x0000000743d80000)
 Metaspace       used 22773K, capacity 23860K, committed 24064K, reserved 1071104K
  class space    used 2962K, capacity 3227K, committed 3328K, reserved 1048576K
Event: 38.080 GC heap after
Heap after GC invocations=9 (full 1):
 PSYoungGen      total 89088K, used 11951K [0x0000000795580000, 0x000000079be00000, 0x00000007c0000000)
  eden space 74240K, 0% used [0x0000000795580000,0x0000000795580000,0x0000000799e00000)
  from space 14848K, 80% used [0x000000079af80000,0x000000079bb2bdb8,0x000000079be00000)
  to   space 16384K, 0% used [0x0000000799e00000,0x0000000799e00000,0x000000079ae00000)
 ParOldGen       total 62976K, used 20552K [0x0000000740000000, 0x0000000743d80000, 0x0000000795580000)
  object space 62976K, 32% used [0x0000000740000000,0x00000007414123c8,0x0000000743d80000)
 Metaspace       used 22773K, capacity 23860K, committed 24064K, reserved 1071104K
  class space    used 2962K, capacity 3227K, committed 3328K, reserved 1048576K
}
Event: 38.106 GC heap before
{Heap before GC invocations=10 (full 1):
 PSYoungGen      total 89088K, used 86117K [0x0000000795580000, 0x000000079be00000, 0x00000007c0000000)
  eden space 74240K, 99% used [0x0000000795580000,0x0000000799ded650,0x0000000799e00000)
  from space 14848K, 80% used [0x000000079af80000,0x000000079bb2bdb8,0x000000079be00000)
  to   space 16384K, 0% used [0x0000000799e00000,0x0000000799e00000,0x000000079ae00000)
 ParOldGen       total 62976K, used 20552K [0x0000000740000000, 0x0000000743d80000, 0x0000000795580000)
  object space 62976K, 32% used [0x0000000740000000,0x00000007414123c8,0x0000000743d80000)
 Metaspace       used 22773K, capacity 23860K, committed 24064K, reserved 1071104K
  class space    used 2962K, capacity 3227K, committed 3328K, reserved 1048576K
Event: 38.111 GC heap after
Heap after GC invocations=10 (full 1):
 PSYoungGen      total 90624K, used 6594K [0x0000000795580000, 0x000000079e300000, 0x00000007c0000000)
  eden space 74240K, 0% used [0x0000000795580000,0x0000000795580000,0x0000000799e00000)
  from space 16384K, 40% used [0x0000000799e00000,0x000000079a470ba8,0x000000079ae00000)
  to   space 16384K, 0% used [0x000000079d300000,0x000000079d300000,0x000000079e300000)
 ParOldGen       total 62976K, used 23405K [0x0000000740000000, 0x0000000743d80000, 0x0000000795580000)
  object space 62976K, 37% used [0x0000000740000000,0x00000007416db7f0,0x0000000743d80000)
 Metaspace       used 22773K, capacity 23860K, committed 24064K, reserved 1071104K
  class space    used 2962K, capacity 3227K, committed 3328K, reserved 1048576K
}
Event: 38.124 GC heap before
{Heap before GC invocations=11 (full 1):
 PSYoungGen      total 90624K, used 80692K [0x0000000795580000, 0x000000079e300000, 0x00000007c0000000)
  eden space 74240K, 99% used [0x0000000795580000,0x0000000799ddc548,0x0000000799e00000)
  from space 16384K, 40% used [0x0000000799e00000,0x000000079a470ba8,0x000000079ae00000)
  to   space 16384K, 0% used [0x000000079d300000,0x000000079d300000,0x000000079e300000)
 ParOldGen       total 62976K, used 23405K [0x0000000740000000, 0x0000000743d80000, 0x0000000795580000)
  object space 62976K, 37% used [0x0000000740000000,0x00000007416db7f0,0x0000000743d80000)
 Metaspace       used 22773K, capacity 23860K, committed 24064K, reserved 1071104K
  class space    used 2962K, capacity 3227K, committed 3328K, reserved 1048576K
Event: 38.128 GC heap after
Heap after GC invocations=11 (full 1):
 PSYoungGen      total 128000K, used 612K [0x0000000795580000, 0x000000079e700000, 0x00000007c0000000)
  eden space 111616K, 0% used [0x0000000795580000,0x0000000795580000,0x000000079c280000)
  from space 16384K, 3% used [0x000000079d300000,0x000000079d3990e0,0x000000079e300000)
  to   space 16896K, 0% used [0x000000079c280000,0x000000079c280000,0x000000079d300000)
 ParOldGen       total 62976K, used 31787K [0x0000000740000000, 0x0000000743d80000, 0x0000000795580000)
  object space 62976K, 50% used [0x0000000740000000,0x0000000741f0af58,0x0000000743d80000)
 Metaspace       used 22773K, capacity 23860K, committed 24064K, reserved 1071104K
  class space    used 2962K, capacity 3227K, committed 3328K, reserved 1048576K
}

