# JRE version: Java(TM) SE Runtime Environment (8.0_181-b13) (build 1.8.0_181-b13)
# Java VM: Java HotSpot(TM) 64-Bit Server VM (25.181-b13 mixed mode bsd-amd64 compressed oops)
Heap:
 PSYoungGen      total 125440K, used 10906K [0x0000000795580000, 0x000000079df80000, 0x00000007c0000000)
  eden space 109568K, 9% used [0x0000000795580000,0x0000000795fb7ed8,0x000000079c080000)
  from space 15872K, 2% used [0x000000079d000000,0x000000079d06e940,0x000000079df80000)
  to   space 15872K, 0% used [0x000000079c080000,0x000000079c080000,0x000000079d000000)
 ParOldGen       total 68608K, used 23702K [0x0000000740000000, 0x0000000744300000, 0x0000000795580000)
  object space 68608K, 34% used [0x0000000740000000,0x00000007417259a8,0x0000000744300000)
 Metaspace       used 22691K, capacity 23728K, committed 24064K, reserved 1071104K
  class space    used 2976K, capacity 3205K, committed 3328K, reserved 1048576K
GC Heap History (10 events):
Event: 12.222 GC heap before
{Heap before GC invocations=12 (full 1):
 PSYoungGen      total 58880K, used 53665K [0x0000000795580000, 0x0000000799d00000, 0x00000007c0000000)
  eden space 44544K, 99% used [0x0000000795580000,0x00000007980f1700,0x0000000798100000)
  from space 14336K, 64% used [0x0000000798f00000,0x00000007997f7048,0x0000000799d00000)
  to   space 14336K, 0% used [0x0000000798100000,0x0000000798100000,0x0000000798f00000)
 ParOldGen       total 45056K, used 28563K [0x0000000740000000, 0x0000000742c00000, 0x0000000795580000)
  object space 45056K, 63% used [0x0000000740000000,0x0000000741be4fd0,0x0000000742c00000)
 Metaspace       used 22534K, capacity 23600K, committed 23808K, reserved 1069056K
  class space    used 2958K, capacity 3205K, committed 3328K, reserved 1048576K
Event: 12.227 GC heap after
Heap after GC invocations=12 (full 1):
 PSYoungGen      total 58880K, used 641K [0x0000000795580000, 0x000000079b780000, 0x00000007c0000000)
  eden space 44544K, 0% used [0x0000000795580000,0x0000000795580000,0x0000000798100000)
  from space 14336K, 4% used [0x0000000798100000,0x00000007981a07f0,0x0000000798f00000)
  to   space 14848K, 0% used [0x000000079a900000,0x000000079a900000,0x000000079b780000)
 ParOldGen       total 45056K, used 37139K [0x0000000740000000, 0x0000000742c00000, 0x0000000795580000)
  object space 45056K, 82% used [0x0000000740000000,0x0000000742444c08,0x0000000742c00000)
 Metaspace       used 22534K, capacity 23600K, committed 23808K, reserved 1069056K
  class space    used 2958K, capacity 3205K, committed 3328K, reserved 1048576K
}
Event: 12.227 GC heap before
{Heap before GC invocations=13 (full 2):
 PSYoungGen      total 58880K, used 641K [0x0000000795580000, 0x000000079b780000, 0x00000007c0000000)
  eden space 44544K, 0% used [0x0000000795580000,0x0000000795580000,0x0000000798100000)
  from space 14336K, 4% used [0x0000000798100000,0x00000007981a07f0,0x0000000798f00000)
  to   space 14848K, 0% used [0x000000079a900000,0x000000079a900000,0x000000079b780000)
 ParOldGen       total 45056K, used 37139K [0x0000000740000000, 0x0000000742c00000, 0x0000000795580000)
  object space 45056K, 82% used [0x0000000740000000,0x0000000742444c08,0x0000000742c00000)
 Metaspace       used 22534K, capacity 23600K, committed 23808K, reserved 1069056K
  class space    used 2958K, capacity 3205K, committed 3328K, reserved 1048576K
Event: 12.249 GC heap after
Heap after GC invocations=13 (full 2):
 PSYoungGen      total 58880K, used 0K [0x0000000795580000, 0x000000079b780000, 0x00000007c0000000)
  eden space 44544K, 0% used [0x0000000795580000,0x0000000795580000,0x0000000798100000)
  from space 14336K, 0% used [0x0000000798100000,0x0000000798100000,0x0000000798f00000)
  to   space 14848K, 0% used [0x000000079a900000,0x000000079a900000,0x000000079b780000)
 ParOldGen       total 68608K, used 23686K [0x0000000740000000, 0x0000000744300000, 0x0000000795580000)
  object space 68608K, 34% used [0x0000000740000000,0x00000007417219a8,0x0000000744300000)
 Metaspace       used 22534K, capacity 23600K, committed 23808K, reserved 1069056K
  class space    used 2958K, capacity 3205K, committed 3328K, reserved 1048576K
}
Event: 12.260 GC heap before
{Heap before GC invocations=14 (full 2):
 PSYoungGen      total 58880K, used 44527K [0x0000000795580000, 0x000000079b780000, 0x00000007c0000000)
  eden space 44544K, 99% used [0x0000000795580000,0x00000007980fbde0,0x0000000798100000)
  from space 14336K, 0% used [0x0000000798100000,0x0000000798100000,0x0000000798f00000)
  to   space 14848K, 0% used [0x000000079a900000,0x000000079a900000,0x000000079b780000)
 ParOldGen       total 68608K, used 23686K [0x0000000740000000, 0x0000000744300000, 0x0000000795580000)
  object space 68608K, 34% used [0x0000000740000000,0x00000007417219a8,0x0000000744300000)
 Metaspace       used 22534K, capacity 23600K, committed 23808K, reserved 1069056K
  class space    used 2958K, capacity 3205K, committed 3328K, reserved 1048576K
Event: 12.262 GC heap after
Heap after GC invocations=14 (full 2):
 PSYoungGen      total 84480K, used 191K [0x0000000795580000, 0x000000079b980000, 0x00000007c0000000)
  eden space 69632K, 0% used [0x0000000795580000,0x0000000795580000,0x0000000799980000)
  from space 14848K, 1% used [0x000000079a900000,0x000000079a92ffa8,0x000000079b780000)
  to   space 15872K, 0% used [0x0000000799980000,0x0000000799980000,0x000000079a900000)
 ParOldGen       total 68608K, used 23686K [0x0000000740000000, 0x0000000744300000, 0x0000000795580000)
  object space 68608K, 34% used [0x0000000740000000,0x00000007417219a8,0x0000000744300000)
 Metaspace       used 22534K, capacity 23600K, committed 23808K, reserved 1069056K
  class space    used 2958K, capacity 3205K, committed 3328K, reserved 1048576K
}
Event: 12.278 GC heap before
{Heap before GC invocations=15 (full 2):
 PSYoungGen      total 84480K, used 69722K [0x0000000795580000, 0x000000079b980000, 0x00000007c0000000)
  eden space 69632K, 99% used [0x0000000795580000,0x0000000799966b38,0x0000000799980000)
  from space 14848K, 1% used [0x000000079a900000,0x000000079a92ffa8,0x000000079b780000)
  to   space 15872K, 0% used [0x0000000799980000,0x0000000799980000,0x000000079a900000)
 ParOldGen       total 68608K, used 23686K [0x0000000740000000, 0x0000000744300000, 0x0000000795580000)
  object space 68608K, 34% used [0x0000000740000000,0x00000007417219a8,0x0000000744300000)
 Metaspace       used 22534K, capacity 23600K, committed 23808K, reserved 1069056K
  class space    used 2958K, capacity 3205K, committed 3328K, reserved 1048576K
Event: 12.279 GC heap after
Heap after GC invocations=15 (full 2):
 PSYoungGen      total 85504K, used 418K [0x0000000795580000, 0x000000079df80000, 0x00000007c0000000)
  eden space 69632K, 0% used [0x0000000795580000,0x0000000795580000,0x0000000799980000)
  from space 15872K, 2% used [0x0000000799980000,0x00000007999e8ba0,0x000000079a900000)
  to   space 15872K, 0% used [0x000000079d000000,0x000000079d000000,0x000000079df80000)
 ParOldGen       total 68608K, used 23686K [0x0000000740000000, 0x0000000744300000, 0x0000000795580000)
  object space 68608K, 34% used [0x0000000740000000,0x00000007417219a8,0x0000000744300000)
 Metaspace       used 22534K, capacity 23600K, committed 23808K, reserved 1069056K
  class space    used 2958K, capacity 3205K, committed 3328K, reserved 1048576K
}
Event: 12.289 GC heap before
{Heap before GC invocations=16 (full 2):
 PSYoungGen      total 85504K, used 69921K [0x0000000795580000, 0x000000079df80000, 0x00000007c0000000)
  eden space 69632K, 99% used [0x0000000795580000,0x000000079995f9b8,0x0000000799980000)
  from space 15872K, 2% used [0x0000000799980000,0x00000007999e8ba0,0x000000079a900000)
  to   space 15872K, 0% used [0x000000079d000000,0x000000079d000000,0x000000079df80000)
 ParOldGen       total 68608K, used 23686K [0x0000000740000000, 0x0000000744300000, 0x0000000795580000)
  object space 68608K, 34% used [0x0000000740000000,0x00000007417219a8,0x0000000744300000)
 Metaspace       used 22534K, capacity 23600K, committed 23808K, reserved 1069056K
  class space    used 2958K, capacity 3205K, committed 3328K, reserved 1048576K
Event: 12.290 GC heap after
Heap after GC invocations=16 (full 2):
 PSYoungGen      total 125440K, used 442K [0x0000000795580000, 0x000000079df80000, 0x00000007c0000000)
  eden space 109568K, 0% used [0x0000000795580000,0x0000000795580000,0x000000079c080000)
  from space 15872K, 2% used [0x000000079d000000,0x000000079d06e940,0x000000079df80000)
  to   space 15872K, 0% used [0x000000079c080000,0x000000079c080000,0x000000079d000000)
 ParOldGen       total 68608K, used 23702K [0x0000000740000000, 0x0000000744300000, 0x0000000795580000)
  object space 68608K, 34% used [0x0000000740000000,0x00000007417259a8,0x0000000744300000)
 Metaspace       used 22534K, capacity 23600K, committed 23808K, reserved 1069056K
  class space    used 2958K, capacity 3205K, committed 3328K, reserved 1048576K
}

