# JRE version: Java(TM) SE Runtime Environment (8.0_181-b13) (build 1.8.0_181-b13)
# Java VM: Java HotSpot(TM) 64-Bit Server VM (25.181-b13 mixed mode bsd-amd64 compressed oops)
Heap:
 PSYoungGen      total 138240K, used 83333K [0x0000000795580000, 0x000000079ee80000, 0x00000007c0000000)
  eden space 123904K, 66% used [0x0000000795580000,0x000000079a641028,0x000000079ce80000)
  from space 14336K, 4% used [0x000000079dd00000,0x000000079dda0628,0x000000079eb00000)
  to   space 14848K, 0% used [0x000000079ce80000,0x000000079ce80000,0x000000079dd00000)
 ParOldGen       total 61952K, used 28178K [0x0000000740000000, 0x0000000743c80000, 0x0000000795580000)
  object space 61952K, 45% used [0x0000000740000000,0x0000000741b84a20,0x0000000743c80000)
 Metaspace       used 22862K, capacity 23920K, committed 24064K, reserved 1071104K
  class space    used 2979K, capacity 3227K, committed 3328K, reserved 1048576K
GC Heap History (10 events):
Event: 16.046 GC heap before
{Heap before GC invocations=7 (full 1):
 PSYoungGen      total 38400K, used 37779K [0x0000000795580000, 0x0000000799f80000, 0x00000007c0000000)
  eden space 33280K, 98% used [0x0000000795580000,0x0000000797568918,0x0000000797600000)
  from space 5120K, 99% used [0x0000000797600000,0x0000000797afc3c8,0x0000000797b00000)
  to   space 12800K, 0% used [0x0000000799300000,0x0000000799300000,0x0000000799f80000)
 ParOldGen       total 61952K, used 16908K [0x0000000740000000, 0x0000000743c80000, 0x0000000795580000)
  object space 61952K, 27% used [0x0000000740000000,0x00000007410832e8,0x0000000743c80000)
 Metaspace       used 22475K, capacity 23560K, committed 23680K, reserved 1069056K
  class space    used 2948K, capacity 3195K, committed 3200K, reserved 1048576K
Event: 16.072 GC heap after
Heap after GC invocations=7 (full 1):
 PSYoungGen      total 60928K, used 12333K [0x0000000795580000, 0x000000079a280000, 0x00000007c0000000)
  eden space 48128K, 0% used [0x0000000795580000,0x0000000795580000,0x0000000798480000)
  from space 12800K, 96% used [0x0000000799300000,0x0000000799f0b740,0x0000000799f80000)
  to   space 14848K, 0% used [0x0000000798480000,0x0000000798480000,0x0000000799300000)
 ParOldGen       total 61952K, used 16916K [0x0000000740000000, 0x0000000743c80000, 0x0000000795580000)
  object space 61952K, 27% used [0x0000000740000000,0x00000007410852e8,0x0000000743c80000)
 Metaspace       used 22475K, capacity 23560K, committed 23680K, reserved 1069056K
  class space    used 2948K, capacity 3195K, committed 3200K, reserved 1048576K
}
Event: 16.224 GC heap before
{Heap before GC invocations=8 (full 1):
 PSYoungGen      total 60928K, used 60128K [0x0000000795580000, 0x000000079a280000, 0x00000007c0000000)
  eden space 48128K, 99% used [0x0000000795580000,0x000000079842ccb8,0x0000000798480000)
  from space 12800K, 96% used [0x0000000799300000,0x0000000799f0b740,0x0000000799f80000)
  to   space 14848K, 0% used [0x0000000798480000,0x0000000798480000,0x0000000799300000)
 ParOldGen       total 61952K, used 16916K [0x0000000740000000, 0x0000000743c80000, 0x0000000795580000)
  object space 61952K, 27% used [0x0000000740000000,0x00000007410852e8,0x0000000743c80000)
 Metaspace       used 22500K, capacity 23560K, committed 23680K, reserved 1069056K
  class space    used 2948K, capacity 3195K, committed 3200K, reserved 1048576K
Event: 16.233 GC heap after
Heap after GC invocations=8 (full 1):
 PSYoungGen      total 62976K, used 9547K [0x0000000795580000, 0x000000079c280000, 0x00000007c0000000)
  eden space 48128K, 0% used [0x0000000795580000,0x0000000795580000,0x0000000798480000)
  from space 14848K, 64% used [0x0000000798480000,0x0000000798dd2d70,0x0000000799300000)
  to   space 14336K, 0% used [0x000000079b480000,0x000000079b480000,0x000000079c280000)
 ParOldGen       total 61952K, used 16924K [0x0000000740000000, 0x0000000743c80000, 0x0000000795580000)
  object space 61952K, 27% used [0x0000000740000000,0x00000007410872e8,0x0000000743c80000)
 Metaspace       used 22500K, capacity 23560K, committed 23680K, reserved 1069056K
  class space    used 2948K, capacity 3195K, committed 3200K, reserved 1048576K
}
Event: 17.519 GC heap before
{Heap before GC invocations=9 (full 1):
 PSYoungGen      total 62976K, used 57630K [0x0000000795580000, 0x000000079c280000, 0x00000007c0000000)
  eden space 48128K, 99% used [0x0000000795580000,0x0000000798474c18,0x0000000798480000)
  from space 14848K, 64% used [0x0000000798480000,0x0000000798dd2d70,0x0000000799300000)
  to   space 14336K, 0% used [0x000000079b480000,0x000000079b480000,0x000000079c280000)
 ParOldGen       total 61952K, used 16924K [0x0000000740000000, 0x0000000743c80000, 0x0000000795580000)
  object space 61952K, 27% used [0x0000000740000000,0x00000007410872e8,0x0000000743c80000)
 Metaspace       used 22675K, capacity 23784K, committed 24064K, reserved 1071104K
  class space    used 2961K, capacity 3227K, committed 3328K, reserved 1048576K
Event: 17.525 GC heap after
Heap after GC invocations=9 (full 1):
 PSYoungGen      total 93184K, used 9538K [0x0000000795580000, 0x000000079c080000, 0x00000007c0000000)
  eden space 80896K, 0% used [0x0000000795580000,0x0000000795580000,0x000000079a480000)
  from space 12288K, 77% used [0x000000079b480000,0x000000079bdd0a88,0x000000079c080000)
  to   space 14336K, 0% used [0x000000079a480000,0x000000079a480000,0x000000079b280000)
 ParOldGen       total 61952K, used 16924K [0x0000000740000000, 0x0000000743c80000, 0x0000000795580000)
  object space 61952K, 27% used [0x0000000740000000,0x00000007410872e8,0x0000000743c80000)
 Metaspace       used 22675K, capacity 23784K, committed 24064K, reserved 1071104K
  class space    used 2961K, capacity 3227K, committed 3328K, reserved 1048576K
}
Event: 17.554 GC heap before
{Heap before GC invocations=10 (full 1):
 PSYoungGen      total 93184K, used 90373K [0x0000000795580000, 0x000000079c080000, 0x00000007c0000000)
  eden space 80896K, 99% used [0x0000000795580000,0x000000079a470b98,0x000000079a480000)
  from space 12288K, 77% used [0x000000079b480000,0x000000079bdd0a88,0x000000079c080000)
  to   space 14336K, 0% used [0x000000079a480000,0x000000079a480000,0x000000079b280000)
 ParOldGen       total 61952K, used 16924K [0x0000000740000000, 0x0000000743c80000, 0x0000000795580000)
  object space 61952K, 27% used [0x0000000740000000,0x00000007410872e8,0x0000000743c80000)
 Metaspace       used 22676K, capacity 23784K, committed 24064K, reserved 1071104K
  class space    used 2961K, capacity 3227K, committed 3328K, reserved 1048576K
Event: 17.560 GC heap after
Heap after GC invocations=10 (full 1):
 PSYoungGen      total 95232K, used 9725K [0x0000000795580000, 0x000000079eb00000, 0x00000007c0000000)
  eden space 80896K, 0% used [0x0000000795580000,0x0000000795580000,0x000000079a480000)
  from space 14336K, 67% used [0x000000079a480000,0x000000079adff790,0x000000079b280000)
  to   space 14336K, 0% used [0x000000079dd00000,0x000000079dd00000,0x000000079eb00000)
 ParOldGen       total 61952K, used 19108K [0x0000000740000000, 0x0000000743c80000, 0x0000000795580000)
  object space 61952K, 30% used [0x0000000740000000,0x00000007412a9308,0x0000000743c80000)
 Metaspace       used 22676K, capacity 23784K, committed 24064K, reserved 1071104K
  class space    used 2961K, capacity 3227K, committed 3328K, reserved 1048576K
}
Event: 17.575 GC heap before
{Heap before GC invocations=11 (full 1):
 PSYoungGen      total 95232K, used 90484K [0x0000000795580000, 0x000000079eb00000, 0x00000007c0000000)
  eden space 80896K, 99% used [0x0000000795580000,0x000000079a45d898,0x000000079a480000)
  from space 14336K, 67% used [0x000000079a480000,0x000000079adff790,0x000000079b280000)
  to   space 14336K, 0% used [0x000000079dd00000,0x000000079dd00000,0x000000079eb00000)
 ParOldGen       total 61952K, used 19108K [0x0000000740000000, 0x0000000743c80000, 0x0000000795580000)
  object space 61952K, 30% used [0x0000000740000000,0x00000007412a9308,0x0000000743c80000)
 Metaspace       used 22676K, capacity 23784K, committed 24064K, reserved 1071104K
  class space    used 2961K, capacity 3227K, committed 3328K, reserved 1048576K
Event: 17.580 GC heap after
Heap after GC invocations=11 (full 1):
 PSYoungGen      total 138240K, used 641K [0x0000000795580000, 0x000000079ee80000, 0x00000007c0000000)
  eden space 123904K, 0% used [0x0000000795580000,0x0000000795580000,0x000000079ce80000)
  from space 14336K, 4% used [0x000000079dd00000,0x000000079dda0628,0x000000079eb00000)
  to   space 14848K, 0% used [0x000000079ce80000,0x000000079ce80000,0x000000079dd00000)
 ParOldGen       total 61952K, used 28178K [0x0000000740000000, 0x0000000743c80000, 0x0000000795580000)
  object space 61952K, 45% used [0x0000000740000000,0x0000000741b84a20,0x0000000743c80000)
 Metaspace       used 22676K, capacity 23784K, committed 24064K, reserved 1071104K
  class space    used 2961K, capacity 3227K, committed 3328K, reserved 1048576K
}

