# JRE version: Java(TM) SE Runtime Environment (8.0_181-b13) (build 1.8.0_181-b13)
# Java VM: Java HotSpot(TM) 64-Bit Server VM (25.181-b13 mixed mode bsd-amd64 compressed oops)
Heap:
 PSYoungGen      total 217088K, used 73871K [0x0000000795580000, 0x00000007a7380000, 0x00000007c0000000)
  eden space 203264K, 35% used [0x0000000795580000,0x0000000799cf4c10,0x00000007a1c00000)
  from space 13824K, 5% used [0x00000007a1c00000,0x00000007a1caf008,0x00000007a2980000)
  to   space 14848K, 0% used [0x00000007a6500000,0x00000007a6500000,0x00000007a7380000)
 ParOldGen       total 56320K, used 30926K [0x0000000740000000, 0x0000000743700000, 0x0000000795580000)
  object space 56320K, 54% used [0x0000000740000000,0x0000000741e339a8,0x0000000743700000)
 Metaspace       used 26363K, capacity 27372K, committed 27648K, reserved 1073152K
  class space    used 3495K, capacity 3767K, committed 3840K, reserved 1048576K
GC Heap History (10 events):
Event: 23.671 GC heap before
{Heap before GC invocations=12 (full 1):
 PSYoungGen      total 135680K, used 129633K [0x0000000795580000, 0x000000079ea80000, 0x00000007c0000000)
  eden space 120832K, 100% used [0x0000000795580000,0x000000079cb80000,0x000000079cb80000)
  from space 14848K, 59% used [0x000000079d980000,0x000000079e218750,0x000000079e800000)
  to   space 14336K, 0% used [0x000000079cb80000,0x000000079cb80000,0x000000079d980000)
 ParOldGen       total 56320K, used 20449K [0x0000000740000000, 0x0000000743700000, 0x0000000795580000)
  object space 56320K, 36% used [0x0000000740000000,0x00000007413f8420,0x0000000743700000)
 Metaspace       used 25156K, capacity 26044K, committed 26368K, reserved 1073152K
  class space    used 3261K, capacity 3507K, committed 3584K, reserved 1048576K
Event: 23.675 GC heap after
Heap after GC invocations=12 (full 1):
 PSYoungGen      total 135168K, used 8598K [0x0000000795580000, 0x00000007a0500000, 0x00000007c0000000)
  eden space 120832K, 0% used [0x0000000795580000,0x0000000795580000,0x000000079cb80000)
  from space 14336K, 59% used [0x000000079cb80000,0x000000079d3e5ae8,0x000000079d980000)
  to   space 13824K, 0% used [0x000000079f780000,0x000000079f780000,0x00000007a0500000)
 ParOldGen       total 56320K, used 20457K [0x0000000740000000, 0x0000000743700000, 0x0000000795580000)
  object space 56320K, 36% used [0x0000000740000000,0x00000007413fa420,0x0000000743700000)
 Metaspace       used 25156K, capacity 26044K, committed 26368K, reserved 1073152K
  class space    used 3261K, capacity 3507K, committed 3584K, reserved 1048576K
}
Event: 23.884 GC heap before
{Heap before GC invocations=13 (full 1):
 PSYoungGen      total 135168K, used 129430K [0x0000000795580000, 0x00000007a0500000, 0x00000007c0000000)
  eden space 120832K, 100% used [0x0000000795580000,0x000000079cb80000,0x000000079cb80000)
  from space 14336K, 59% used [0x000000079cb80000,0x000000079d3e5ae8,0x000000079d980000)
  to   space 13824K, 0% used [0x000000079f780000,0x000000079f780000,0x00000007a0500000)
 ParOldGen       total 56320K, used 20457K [0x0000000740000000, 0x0000000743700000, 0x0000000795580000)
  object space 56320K, 36% used [0x0000000740000000,0x00000007413fa420,0x0000000743700000)
 Metaspace       used 25159K, capacity 26044K, committed 26368K, reserved 1073152K
  class space    used 3261K, capacity 3507K, committed 3584K, reserved 1048576K
Event: 23.893 GC heap after
Heap after GC invocations=13 (full 1):
 PSYoungGen      total 166400K, used 8550K [0x0000000795580000, 0x00000007a0e00000, 0x00000007c0000000)
  eden space 152576K, 0% used [0x0000000795580000,0x0000000795580000,0x000000079ea80000)
  from space 13824K, 61% used [0x000000079f780000,0x000000079ffd9aa8,0x00000007a0500000)
  to   space 13312K, 0% used [0x000000079ea80000,0x000000079ea80000,0x000000079f780000)
 ParOldGen       total 56320K, used 20465K [0x0000000740000000, 0x0000000743700000, 0x0000000795580000)
  object space 56320K, 36% used [0x0000000740000000,0x00000007413fc420,0x0000000743700000)
 Metaspace       used 25159K, capacity 26044K, committed 26368K, reserved 1073152K
  class space    used 3261K, capacity 3507K, committed 3584K, reserved 1048576K
}
Event: 24.386 GC heap before
{Heap before GC invocations=14 (full 1):
 PSYoungGen      total 166400K, used 160953K [0x0000000795580000, 0x00000007a0e00000, 0x00000007c0000000)
  eden space 152576K, 99% used [0x0000000795580000,0x000000079ea549b0,0x000000079ea80000)
  from space 13824K, 61% used [0x000000079f780000,0x000000079ffd9aa8,0x00000007a0500000)
  to   space 13312K, 0% used [0x000000079ea80000,0x000000079ea80000,0x000000079f780000)
 ParOldGen       total 56320K, used 20465K [0x0000000740000000, 0x0000000743700000, 0x0000000795580000)
  object space 56320K, 36% used [0x0000000740000000,0x00000007413fc420,0x0000000743700000)
 Metaspace       used 25219K, capacity 26108K, committed 26368K, reserved 1073152K
  class space    used 3261K, capacity 3507K, committed 3584K, reserved 1048576K
Event: 24.394 GC heap after
Heap after GC invocations=14 (full 1):
 PSYoungGen      total 165888K, used 11178K [0x0000000795580000, 0x00000007a3780000, 0x00000007c0000000)
  eden space 152576K, 0% used [0x0000000795580000,0x0000000795580000,0x000000079ea80000)
  from space 13312K, 83% used [0x000000079ea80000,0x000000079f56ab18,0x000000079f780000)
  to   space 13824K, 0% used [0x00000007a2a00000,0x00000007a2a00000,0x00000007a3780000)
 ParOldGen       total 56320K, used 20473K [0x0000000740000000, 0x0000000743700000, 0x0000000795580000)
  object space 56320K, 36% used [0x0000000740000000,0x00000007413fe420,0x0000000743700000)
 Metaspace       used 25219K, capacity 26108K, committed 26368K, reserved 1073152K
  class space    used 3261K, capacity 3507K, committed 3584K, reserved 1048576K
}
Event: 24.793 GC heap before
{Heap before GC invocations=15 (full 1):
 PSYoungGen      total 165888K, used 163754K [0x0000000795580000, 0x00000007a3780000, 0x00000007c0000000)
  eden space 152576K, 100% used [0x0000000795580000,0x000000079ea80000,0x000000079ea80000)
  from space 13312K, 83% used [0x000000079ea80000,0x000000079f56ab18,0x000000079f780000)
  to   space 13824K, 0% used [0x00000007a2a00000,0x00000007a2a00000,0x00000007a3780000)
 ParOldGen       total 56320K, used 20473K [0x0000000740000000, 0x0000000743700000, 0x0000000795580000)
  object space 56320K, 36% used [0x0000000740000000,0x00000007413fe420,0x0000000743700000)
 Metaspace       used 25245K, capacity 26108K, committed 26368K, reserved 1073152K
  class space    used 3261K, capacity 3507K, committed 3584K, reserved 1048576K
Event: 24.800 GC heap after
Heap after GC invocations=15 (full 1):
 PSYoungGen      total 216576K, used 4600K [0x0000000795580000, 0x00000007a3700000, 0x00000007c0000000)
  eden space 203264K, 0% used [0x0000000795580000,0x0000000795580000,0x00000007a1c00000)
  from space 13312K, 34% used [0x00000007a2a00000,0x00000007a2e7e2d0,0x00000007a3700000)
  to   space 13824K, 0% used [0x00000007a1c00000,0x00000007a1c00000,0x00000007a2980000)
 ParOldGen       total 56320K, used 25214K [0x0000000740000000, 0x0000000743700000, 0x0000000795580000)
  object space 56320K, 44% used [0x0000000740000000,0x000000074189f800,0x0000000743700000)
 Metaspace       used 25245K, capacity 26108K, committed 26368K, reserved 1073152K
  class space    used 3261K, capacity 3507K, committed 3584K, reserved 1048576K
}
Event: 26.619 GC heap before
{Heap before GC invocations=16 (full 1):
 PSYoungGen      total 216576K, used 207783K [0x0000000795580000, 0x00000007a3700000, 0x00000007c0000000)
  eden space 203264K, 99% used [0x0000000795580000,0x00000007a1bebb78,0x00000007a1c00000)
  from space 13312K, 34% used [0x00000007a2a00000,0x00000007a2e7e2d0,0x00000007a3700000)
  to   space 13824K, 0% used [0x00000007a1c00000,0x00000007a1c00000,0x00000007a2980000)
 ParOldGen       total 56320K, used 25214K [0x0000000740000000, 0x0000000743700000, 0x0000000795580000)
  object space 56320K, 44% used [0x0000000740000000,0x000000074189f800,0x0000000743700000)
 Metaspace       used 25269K, capacity 26178K, committed 26368K, reserved 1073152K
  class space    used 3262K, capacity 3508K, committed 3584K, reserved 1048576K
Event: 26.622 GC heap after
Heap after GC invocations=16 (full 1):
 PSYoungGen      total 217088K, used 700K [0x0000000795580000, 0x00000007a7380000, 0x00000007c0000000)
  eden space 203264K, 0% used [0x0000000795580000,0x0000000795580000,0x00000007a1c00000)
  from space 13824K, 5% used [0x00000007a1c00000,0x00000007a1caf008,0x00000007a2980000)
  to   space 14848K, 0% used [0x00000007a6500000,0x00000007a6500000,0x00000007a7380000)
 ParOldGen       total 56320K, used 30926K [0x0000000740000000, 0x0000000743700000, 0x0000000795580000)
  object space 56320K, 54% used [0x0000000740000000,0x0000000741e339a8,0x0000000743700000)
 Metaspace       used 25269K, capacity 26178K, committed 26368K, reserved 1073152K
  class space    used 3262K, capacity 3508K, committed 3584K, reserved 1048576K
}

