# JRE version: Java(TM) SE Runtime Environment (8.0_181-b13) (build 1.8.0_181-b13)
# Java VM: Java HotSpot(TM) 64-Bit Server VM (25.181-b13 mixed mode bsd-amd64 compressed oops)
Heap:
 PSYoungGen      total 135680K, used 46970K [0x0000000795580000, 0x000000079eb00000, 0x00000007c0000000)
  eden space 118272K, 39% used [0x0000000795580000,0x0000000798322c80,0x000000079c900000)
  from space 17408K, 1% used [0x000000079da00000,0x000000079da3bdc8,0x000000079eb00000)
  to   space 17408K, 0% used [0x000000079c900000,0x000000079c900000,0x000000079da00000)
 ParOldGen       total 64000K, used 31222K [0x0000000740000000, 0x0000000743e80000, 0x0000000795580000)
  object space 64000K, 48% used [0x0000000740000000,0x0000000741e7dac0,0x0000000743e80000)
 Metaspace       used 22818K, capacity 23820K, committed 24064K, reserved 1071104K
  class space    used 2992K, capacity 3237K, committed 3328K, reserved 1048576K
GC Heap History (10 events):
Event: 13.589 GC heap before
{Heap before GC invocations=9 (full 1):
 PSYoungGen      total 47104K, used 43135K [0x0000000795580000, 0x000000079a780000, 0x00000007c0000000)
  eden space 31744K, 99% used [0x0000000795580000,0x000000079744d070,0x0000000797480000)
  from space 15360K, 75% used [0x0000000797480000,0x0000000797fd2c88,0x0000000798380000)
  to   space 15872K, 0% used [0x0000000799800000,0x0000000799800000,0x000000079a780000)
 ParOldGen       total 64000K, used 19701K [0x0000000740000000, 0x0000000743e80000, 0x0000000795580000)
  object space 64000K, 30% used [0x0000000740000000,0x000000074133d790,0x0000000743e80000)
 Metaspace       used 22383K, capacity 23436K, committed 23680K, reserved 1069056K
  class space    used 2944K, capacity 3173K, committed 3200K, reserved 1048576K
Event: 13.597 GC heap after
Heap after GC invocations=9 (full 1):
 PSYoungGen      total 67584K, used 11312K [0x0000000795580000, 0x000000079ae80000, 0x00000007c0000000)
  eden space 51712K, 0% used [0x0000000795580000,0x0000000795580000,0x0000000798800000)
  from space 15872K, 71% used [0x0000000799800000,0x000000079a30c0b0,0x000000079a780000)
  to   space 16384K, 0% used [0x0000000798800000,0x0000000798800000,0x0000000799800000)
 ParOldGen       total 64000K, used 19701K [0x0000000740000000, 0x0000000743e80000, 0x0000000795580000)
  object space 64000K, 30% used [0x0000000740000000,0x000000074133d790,0x0000000743e80000)
 Metaspace       used 22383K, capacity 23436K, committed 23680K, reserved 1069056K
  class space    used 2944K, capacity 3173K, committed 3200K, reserved 1048576K
}
Event: 15.081 GC heap before
{Heap before GC invocations=10 (full 1):
 PSYoungGen      total 67584K, used 63009K [0x0000000795580000, 0x000000079ae80000, 0x00000007c0000000)
  eden space 51712K, 99% used [0x0000000795580000,0x00000007987fc710,0x0000000798800000)
  from space 15872K, 71% used [0x0000000799800000,0x000000079a30c0b0,0x000000079a780000)
  to   space 16384K, 0% used [0x0000000798800000,0x0000000798800000,0x0000000799800000)
 ParOldGen       total 64000K, used 19701K [0x0000000740000000, 0x0000000743e80000, 0x0000000795580000)
  object space 64000K, 30% used [0x0000000740000000,0x000000074133d790,0x0000000743e80000)
 Metaspace       used 22587K, capacity 23596K, committed 23808K, reserved 1069056K
  class space    used 2957K, capacity 3205K, committed 3328K, reserved 1048576K
Event: 15.086 GC heap after
Heap after GC invocations=10 (full 1):
 PSYoungGen      total 68096K, used 9977K [0x0000000795580000, 0x000000079bf00000, 0x00000007c0000000)
  eden space 51712K, 0% used [0x0000000795580000,0x0000000795580000,0x0000000798800000)
  from space 16384K, 60% used [0x0000000798800000,0x00000007991be6d0,0x0000000799800000)
  to   space 15872K, 0% used [0x000000079af80000,0x000000079af80000,0x000000079bf00000)
 ParOldGen       total 64000K, used 21317K [0x0000000740000000, 0x0000000743e80000, 0x0000000795580000)
  object space 64000K, 33% used [0x0000000740000000,0x00000007414d1528,0x0000000743e80000)
 Metaspace       used 22587K, capacity 23596K, committed 23808K, reserved 1069056K
  class space    used 2957K, capacity 3205K, committed 3328K, reserved 1048576K
}
Event: 15.102 GC heap before
{Heap before GC invocations=11 (full 1):
 PSYoungGen      total 68096K, used 61620K [0x0000000795580000, 0x000000079bf00000, 0x00000007c0000000)
  eden space 51712K, 99% used [0x0000000795580000,0x00000007987ee9a8,0x0000000798800000)
  from space 16384K, 60% used [0x0000000798800000,0x00000007991be6d0,0x0000000799800000)
  to   space 15872K, 0% used [0x000000079af80000,0x000000079af80000,0x000000079bf00000)
 ParOldGen       total 64000K, used 21317K [0x0000000740000000, 0x0000000743e80000, 0x0000000795580000)
  object space 64000K, 33% used [0x0000000740000000,0x00000007414d1528,0x0000000743e80000)
 Metaspace       used 22587K, capacity 23596K, committed 23808K, reserved 1069056K
  class space    used 2957K, capacity 3205K, committed 3328K, reserved 1048576K
Event: 15.110 GC heap after
Heap after GC invocations=11 (full 1):
 PSYoungGen      total 91136K, used 683K [0x0000000795580000, 0x000000079c600000, 0x00000007c0000000)
  eden space 75264K, 0% used [0x0000000795580000,0x0000000795580000,0x0000000799f00000)
  from space 15872K, 4% used [0x000000079af80000,0x000000079b02af58,0x000000079bf00000)
  to   space 16896K, 0% used [0x0000000799f00000,0x0000000799f00000,0x000000079af80000)
 ParOldGen       total 64000K, used 30628K [0x0000000740000000, 0x0000000743e80000, 0x0000000795580000)
  object space 64000K, 47% used [0x0000000740000000,0x0000000741de9190,0x0000000743e80000)
 Metaspace       used 22587K, capacity 23596K, committed 23808K, reserved 1069056K
  class space    used 2957K, capacity 3205K, committed 3328K, reserved 1048576K
}
Event: 15.132 GC heap before
{Heap before GC invocations=12 (full 1):
 PSYoungGen      total 91136K, used 75818K [0x0000000795580000, 0x000000079c600000, 0x00000007c0000000)
  eden space 75264K, 99% used [0x0000000795580000,0x0000000799edfaf0,0x0000000799f00000)
  from space 15872K, 4% used [0x000000079af80000,0x000000079b02af58,0x000000079bf00000)
  to   space 16896K, 0% used [0x0000000799f00000,0x0000000799f00000,0x000000079af80000)
 ParOldGen       total 64000K, used 30628K [0x0000000740000000, 0x0000000743e80000, 0x0000000795580000)
  object space 64000K, 47% used [0x0000000740000000,0x0000000741de9190,0x0000000743e80000)
 Metaspace       used 22587K, capacity 23596K, committed 23808K, reserved 1069056K
  class space    used 2957K, capacity 3205K, committed 3328K, reserved 1048576K
Event: 15.134 GC heap after
Heap after GC invocations=12 (full 1):
 PSYoungGen      total 92160K, used 748K [0x0000000795580000, 0x000000079eb00000, 0x00000007c0000000)
  eden space 75264K, 0% used [0x0000000795580000,0x0000000795580000,0x0000000799f00000)
  from space 16896K, 4% used [0x0000000799f00000,0x0000000799fbb210,0x000000079af80000)
  to   space 17408K, 0% used [0x000000079da00000,0x000000079da00000,0x000000079eb00000)
 ParOldGen       total 64000K, used 30675K [0x0000000740000000, 0x0000000743e80000, 0x0000000795580000)
  object space 64000K, 47% used [0x0000000740000000,0x0000000741df4c08,0x0000000743e80000)
 Metaspace       used 22587K, capacity 23596K, committed 23808K, reserved 1069056K
  class space    used 2957K, capacity 3205K, committed 3328K, reserved 1048576K
}
Event: 15.148 GC heap before
{Heap before GC invocations=13 (full 1):
 PSYoungGen      total 92160K, used 75901K [0x0000000795580000, 0x000000079eb00000, 0x00000007c0000000)
  eden space 75264K, 99% used [0x0000000795580000,0x0000000799ee4428,0x0000000799f00000)
  from space 16896K, 4% used [0x0000000799f00000,0x0000000799fbb210,0x000000079af80000)
  to   space 17408K, 0% used [0x000000079da00000,0x000000079da00000,0x000000079eb00000)
 ParOldGen       total 64000K, used 30675K [0x0000000740000000, 0x0000000743e80000, 0x0000000795580000)
  object space 64000K, 47% used [0x0000000740000000,0x0000000741df4c08,0x0000000743e80000)
 Metaspace       used 22587K, capacity 23596K, committed 23808K, reserved 1069056K
  class space    used 2957K, capacity 3205K, committed 3328K, reserved 1048576K
Event: 15.149 GC heap after
Heap after GC invocations=13 (full 1):
 PSYoungGen      total 135680K, used 239K [0x0000000795580000, 0x000000079eb00000, 0x00000007c0000000)
  eden space 118272K, 0% used [0x0000000795580000,0x0000000795580000,0x000000079c900000)
  from space 17408K, 1% used [0x000000079da00000,0x000000079da3bdc8,0x000000079eb00000)
  to   space 17408K, 0% used [0x000000079c900000,0x000000079c900000,0x000000079da00000)
 ParOldGen       total 64000K, used 31222K [0x0000000740000000, 0x0000000743e80000, 0x0000000795580000)
  object space 64000K, 48% used [0x0000000740000000,0x0000000741e7dac0,0x0000000743e80000)
 Metaspace       used 22587K, capacity 23596K, committed 23808K, reserved 1069056K
  class space    used 2957K, capacity 3205K, committed 3328K, reserved 1048576K
}

