# JRE version: Java(TM) SE Runtime Environment (8.0_181-b13) (build 1.8.0_181-b13)
# Java VM: Java HotSpot(TM) 64-Bit Server VM (25.181-b13 mixed mode bsd-amd64 compressed oops)
Heap:
 PSYoungGen      total 118784K, used 49265K [0x0000000795580000, 0x00000007a1000000, 0x00000007c0000000)
  eden space 108544K, 44% used [0x0000000795580000,0x00000007984dff38,0x000000079bf80000)
  from space 10240K, 7% used [0x000000079bf80000,0x000000079c03c750,0x000000079c980000)
  to   space 10752K, 0% used [0x00000007a0580000,0x00000007a0580000,0x00000007a1000000)
 ParOldGen       total 45056K, used 27506K [0x0000000740000000, 0x0000000742c00000, 0x0000000795580000)
  object space 45056K, 61% used [0x0000000740000000,0x0000000741adc808,0x0000000742c00000)
 Metaspace       used 22706K, capacity 23742K, committed 24064K, reserved 1071104K
  class space    used 2978K, capacity 3208K, committed 3328K, reserved 1048576K
GC Heap History (10 events):
Event: 11.801 GC heap before
{Heap before GC invocations=8 (full 1):
 PSYoungGen      total 58368K, used 56734K [0x0000000795580000, 0x0000000799800000, 0x00000007c0000000)
  eden space 49664K, 98% used [0x0000000795580000,0x0000000798562e08,0x0000000798600000)
  from space 8704K, 88% used [0x0000000798f00000,0x0000000799684c70,0x0000000799780000)
  to   space 9216K, 0% used [0x0000000798600000,0x0000000798600000,0x0000000798f00000)
 ParOldGen       total 45056K, used 20016K [0x0000000740000000, 0x0000000742c00000, 0x0000000795580000)
  object space 45056K, 44% used [0x0000000740000000,0x000000074138c358,0x0000000742c00000)
 Metaspace       used 22358K, capacity 23386K, committed 23424K, reserved 1069056K
  class space    used 2947K, capacity 3176K, committed 3200K, reserved 1048576K
Event: 11.808 GC heap after
Heap after GC invocations=8 (full 1):
 PSYoungGen      total 58880K, used 8148K [0x0000000795580000, 0x000000079b100000, 0x00000007c0000000)
  eden space 49664K, 0% used [0x0000000795580000,0x0000000795580000,0x0000000798600000)
  from space 9216K, 88% used [0x0000000798600000,0x0000000798df5028,0x0000000798f00000)
  to   space 9728K, 0% used [0x000000079a780000,0x000000079a780000,0x000000079b100000)
 ParOldGen       total 45056K, used 20024K [0x0000000740000000, 0x0000000742c00000, 0x0000000795580000)
  object space 45056K, 44% used [0x0000000740000000,0x000000074138e358,0x0000000742c00000)
 Metaspace       used 22358K, capacity 23386K, committed 23424K, reserved 1069056K
  class space    used 2947K, capacity 3176K, committed 3200K, reserved 1048576K
}
Event: 11.963 GC heap before
{Heap before GC invocations=9 (full 1):
 PSYoungGen      total 58880K, used 57812K [0x0000000795580000, 0x000000079b100000, 0x00000007c0000000)
  eden space 49664K, 100% used [0x0000000795580000,0x0000000798600000,0x0000000798600000)
  from space 9216K, 88% used [0x0000000798600000,0x0000000798df5028,0x0000000798f00000)
  to   space 9728K, 0% used [0x000000079a780000,0x000000079a780000,0x000000079b100000)
 ParOldGen       total 45056K, used 20024K [0x0000000740000000, 0x0000000742c00000, 0x0000000795580000)
  object space 45056K, 44% used [0x0000000740000000,0x000000074138e358,0x0000000742c00000)
 Metaspace       used 22400K, capacity 23454K, committed 23680K, reserved 1069056K
  class space    used 2947K, capacity 3176K, committed 3200K, reserved 1048576K
Event: 11.971 GC heap after
Heap after GC invocations=9 (full 1):
 PSYoungGen      total 83456K, used 7925K [0x0000000795580000, 0x000000079be00000, 0x00000007c0000000)
  eden space 73728K, 0% used [0x0000000795580000,0x0000000795580000,0x0000000799d80000)
  from space 9728K, 81% used [0x000000079a780000,0x000000079af3d400,0x000000079b100000)
  to   space 10240K, 0% used [0x0000000799d80000,0x0000000799d80000,0x000000079a780000)
 ParOldGen       total 45056K, used 20032K [0x0000000740000000, 0x0000000742c00000, 0x0000000795580000)
  object space 45056K, 44% used [0x0000000740000000,0x0000000741390358,0x0000000742c00000)
 Metaspace       used 22400K, capacity 23454K, committed 23680K, reserved 1069056K
  class space    used 2947K, capacity 3176K, committed 3200K, reserved 1048576K
}
Event: 12.144 GC heap before
{Heap before GC invocations=10 (full 1):
 PSYoungGen      total 83456K, used 81630K [0x0000000795580000, 0x000000079be00000, 0x00000007c0000000)
  eden space 73728K, 99% used [0x0000000795580000,0x0000000799d7a420,0x0000000799d80000)
  from space 9728K, 81% used [0x000000079a780000,0x000000079af3d400,0x000000079b100000)
  to   space 10240K, 0% used [0x0000000799d80000,0x0000000799d80000,0x000000079a780000)
 ParOldGen       total 45056K, used 20032K [0x0000000740000000, 0x0000000742c00000, 0x0000000795580000)
  object space 45056K, 44% used [0x0000000740000000,0x0000000741390358,0x0000000742c00000)
 Metaspace       used 22547K, capacity 23614K, committed 23808K, reserved 1069056K
  class space    used 2960K, capacity 3208K, committed 3328K, reserved 1048576K
Event: 12.148 GC heap after
Heap after GC invocations=10 (full 1):
 PSYoungGen      total 83968K, used 8118K [0x0000000795580000, 0x000000079d400000, 0x00000007c0000000)
  eden space 73728K, 0% used [0x0000000795580000,0x0000000795580000,0x0000000799d80000)
  from space 10240K, 79% used [0x0000000799d80000,0x000000079a56da68,0x000000079a780000)
  to   space 10752K, 0% used [0x000000079c980000,0x000000079c980000,0x000000079d400000)
 ParOldGen       total 45056K, used 20040K [0x0000000740000000, 0x0000000742c00000, 0x0000000795580000)
  object space 45056K, 44% used [0x0000000740000000,0x0000000741392358,0x0000000742c00000)
 Metaspace       used 22547K, capacity 23614K, committed 23808K, reserved 1069056K
  class space    used 2960K, capacity 3208K, committed 3328K, reserved 1048576K
}
Event: 12.167 GC heap before
{Heap before GC invocations=11 (full 1):
 PSYoungGen      total 83968K, used 81834K [0x0000000795580000, 0x000000079d400000, 0x00000007c0000000)
  eden space 73728K, 99% used [0x0000000795580000,0x0000000799d7cde0,0x0000000799d80000)
  from space 10240K, 79% used [0x0000000799d80000,0x000000079a56da68,0x000000079a780000)
  to   space 10752K, 0% used [0x000000079c980000,0x000000079c980000,0x000000079d400000)
 ParOldGen       total 45056K, used 20040K [0x0000000740000000, 0x0000000742c00000, 0x0000000795580000)
  object space 45056K, 44% used [0x0000000740000000,0x0000000741392358,0x0000000742c00000)
 Metaspace       used 22547K, capacity 23614K, committed 23808K, reserved 1069056K
  class space    used 2960K, capacity 3208K, committed 3328K, reserved 1048576K
Event: 12.171 GC heap after
Heap after GC invocations=11 (full 1):
 PSYoungGen      total 119296K, used 6029K [0x0000000795580000, 0x000000079d980000, 0x00000007c0000000)
  eden space 108544K, 0% used [0x0000000795580000,0x0000000795580000,0x000000079bf80000)
  from space 10752K, 56% used [0x000000079c980000,0x000000079cf63650,0x000000079d400000)
  to   space 10240K, 0% used [0x000000079bf80000,0x000000079bf80000,0x000000079c980000)
 ParOldGen       total 45056K, used 22123K [0x0000000740000000, 0x0000000742c00000, 0x0000000795580000)
  object space 45056K, 49% used [0x0000000740000000,0x000000074159ae90,0x0000000742c00000)
 Metaspace       used 22547K, capacity 23614K, committed 23808K, reserved 1069056K
  class space    used 2960K, capacity 3208K, committed 3328K, reserved 1048576K
}
Event: 12.201 GC heap before
{Heap before GC invocations=12 (full 1):
 PSYoungGen      total 119296K, used 114516K [0x0000000795580000, 0x000000079d980000, 0x00000007c0000000)
  eden space 108544K, 99% used [0x0000000795580000,0x000000079bf71b88,0x000000079bf80000)
  from space 10752K, 56% used [0x000000079c980000,0x000000079cf63650,0x000000079d400000)
  to   space 10240K, 0% used [0x000000079bf80000,0x000000079bf80000,0x000000079c980000)
 ParOldGen       total 45056K, used 22123K [0x0000000740000000, 0x0000000742c00000, 0x0000000795580000)
  object space 45056K, 49% used [0x0000000740000000,0x000000074159ae90,0x0000000742c00000)
 Metaspace       used 22553K, capacity 23614K, committed 23808K, reserved 1069056K
  class space    used 2960K, capacity 3208K, committed 3328K, reserved 1048576K
Event: 12.204 GC heap after
Heap after GC invocations=12 (full 1):
 PSYoungGen      total 118784K, used 753K [0x0000000795580000, 0x00000007a1000000, 0x00000007c0000000)
  eden space 108544K, 0% used [0x0000000795580000,0x0000000795580000,0x000000079bf80000)
  from space 10240K, 7% used [0x000000079bf80000,0x000000079c03c750,0x000000079c980000)
  to   space 10752K, 0% used [0x00000007a0580000,0x00000007a0580000,0x00000007a1000000)
 ParOldGen       total 45056K, used 27506K [0x0000000740000000, 0x0000000742c00000, 0x0000000795580000)
  object space 45056K, 61% used [0x0000000740000000,0x0000000741adc808,0x0000000742c00000)
 Metaspace       used 22553K, capacity 23614K, committed 23808K, reserved 1069056K
  class space    used 2960K, capacity 3208K, committed 3328K, reserved 1048576K
}

